ERROR - 2023-09-05 23:00:06 --> Error connecting to the database: No connection could be made because the target machine actively refused it.

CRITICAL - 2023-09-05 23:00:06 --> Unable to connect to the database.
Main connection [MySQLi]: No connection could be made because the target machine actively refused it.

#0 C:\xampp\htdocs\kasir_restoran\system\Database\BaseConnection.php(577): CodeIgniter\Database\BaseConnection->initialize()
#1 C:\xampp\htdocs\kasir_restoran\system\Database\BaseBuilder.php(1588): CodeIgniter\Database\BaseConnection->query('SELECT *\nFROM `...', Array, false)
#2 C:\xampp\htdocs\kasir_restoran\app\Models\M_model.php(289): CodeIgniter\Database\BaseBuilder->getWhere(Array)
#3 C:\xampp\htdocs\kasir_restoran\app\Controllers\Home.php(70): App\Models\M_model->getarray('user', Array)
#4 C:\xampp\htdocs\kasir_restoran\system\CodeIgniter.php(832): App\Controllers\Home->aksi_login()
#5 C:\xampp\htdocs\kasir_restoran\system\CodeIgniter.php(419): CodeIgniter\CodeIgniter->runController(Object(App\Controllers\Home))
#6 C:\xampp\htdocs\kasir_restoran\system\CodeIgniter.php(326): CodeIgniter\CodeIgniter->handleRequest(NULL, Object(Config\Cache), false)
#7 C:\xampp\htdocs\kasir_restoran\public\index.php(37): CodeIgniter\CodeIgniter->run()
#8 C:\xampp\htdocs\kasir_restoran\system\Commands\Server\rewrite.php(43): require_once('C:\\xampp\\htdocs...')
#9 {main}
CRITICAL - 2023-09-05 23:32:48 --> Invalid file: spp/profile.php
#0 C:\xampp\htdocs\kasir_restoran\system\View\View.php(198): CodeIgniter\Exceptions\FrameworkException::forInvalidFile('spp/profile.php')
#1 C:\xampp\htdocs\kasir_restoran\system\Common.php(1089): CodeIgniter\View\View->render('spp/profile', Array, true)
#2 C:\xampp\htdocs\kasir_restoran\app\Controllers\Home.php(548): view('spp/profile', Array)
#3 C:\xampp\htdocs\kasir_restoran\system\CodeIgniter.php(832): App\Controllers\Home->profile()
#4 C:\xampp\htdocs\kasir_restoran\system\CodeIgniter.php(419): CodeIgniter\CodeIgniter->runController(Object(App\Controllers\Home))
#5 C:\xampp\htdocs\kasir_restoran\system\CodeIgniter.php(326): CodeIgniter\CodeIgniter->handleRequest(NULL, Object(Config\Cache), false)
#6 C:\xampp\htdocs\kasir_restoran\public\index.php(37): CodeIgniter\CodeIgniter->run()
#7 C:\xampp\htdocs\kasir_restoran\system\Commands\Server\rewrite.php(43): require_once('C:\\xampp\\htdocs...')
#8 {main}
CRITICAL - 2023-09-05 23:44:16 --> Use of undefined constant PUBLIC_PATH - assumed 'PUBLIC_PATH' (this will throw an Error in a future version of PHP)
#0 C:\xampp\htdocs\kasir_restoran\app\Controllers\Home.php(596): CodeIgniter\Debug\Exceptions->errorHandler(2, 'Use of undefine...', 'C:\\xampp\\htdocs...', 596, Array)
#1 C:\xampp\htdocs\kasir_restoran\system\CodeIgniter.php(832): App\Controllers\Home->aksi_change_profile()
#2 C:\xampp\htdocs\kasir_restoran\system\CodeIgniter.php(419): CodeIgniter\CodeIgniter->runController(Object(App\Controllers\Home))
#3 C:\xampp\htdocs\kasir_restoran\system\CodeIgniter.php(326): CodeIgniter\CodeIgniter->handleRequest(NULL, Object(Config\Cache), false)
#4 C:\xampp\htdocs\kasir_restoran\public\index.php(37): CodeIgniter\CodeIgniter->run()
#5 C:\xampp\htdocs\kasir_restoran\system\Commands\Server\rewrite.php(43): require_once('C:\\xampp\\htdocs...')
#6 {main}
