CRITICAL - 2023-09-10 02:30:42 --> Cannot redeclare App\Controllers\Home::menu()
#0 [internal function]: CodeIgniter\Debug\Exceptions->shutdownHandler()
#1 {main}
ERROR - 2023-09-10 02:34:46 --> Unknown column 'keranjang.maker_menu' in 'on clause'
CRITICAL - 2023-09-10 02:34:46 --> Call to a member function getResult() on bool
#0 C:\xampp\htdocs\kasir_restoran\app\Controllers\Home.php(956): App\Models\M_model->fusionOderBy('keranjang', 'user', 'keranjang.maker...', 'tanggal_menu')
#1 C:\xampp\htdocs\kasir_restoran\system\CodeIgniter.php(832): App\Controllers\Home->menu_payment()
#2 C:\xampp\htdocs\kasir_restoran\system\CodeIgniter.php(419): CodeIgniter\CodeIgniter->runController(Object(App\Controllers\Home))
#3 C:\xampp\htdocs\kasir_restoran\system\CodeIgniter.php(326): CodeIgniter\CodeIgniter->handleRequest(NULL, Object(Config\Cache), false)
#4 C:\xampp\htdocs\kasir_restoran\public\index.php(37): CodeIgniter\CodeIgniter->run()
#5 C:\xampp\htdocs\kasir_restoran\system\Commands\Server\rewrite.php(43): require_once('C:\\xampp\\htdocs...')
#6 {main}
CRITICAL - 2023-09-10 02:40:05 --> Too few arguments to function App\Models\M_model::superOderBy(), 5 passed in C:\xampp\htdocs\kasir_restoran\app\Controllers\Home.php on line 957 and exactly 6 expected
#0 C:\xampp\htdocs\kasir_restoran\app\Controllers\Home.php(957): App\Models\M_model->superOderBy('keranjang', 'menu', 'user', 'keranjang.id_me...', 'tanggal_keranja...')
#1 C:\xampp\htdocs\kasir_restoran\system\CodeIgniter.php(832): App\Controllers\Home->menu_payment()
#2 C:\xampp\htdocs\kasir_restoran\system\CodeIgniter.php(419): CodeIgniter\CodeIgniter->runController(Object(App\Controllers\Home))
#3 C:\xampp\htdocs\kasir_restoran\system\CodeIgniter.php(326): CodeIgniter\CodeIgniter->handleRequest(NULL, Object(Config\Cache), false)
#4 C:\xampp\htdocs\kasir_restoran\public\index.php(37): CodeIgniter\CodeIgniter->run()
#5 C:\xampp\htdocs\kasir_restoran\system\Commands\Server\rewrite.php(43): require_once('C:\\xampp\\htdocs...')
#6 {main}
CRITICAL - 2023-09-10 03:29:19 --> syntax error, unexpected ')'
#0 C:\xampp\htdocs\kasir_restoran\system\Router\Router.php(175): CodeIgniter\Router\Router->autoRoute('home/menu_payme...')
#1 C:\xampp\htdocs\kasir_restoran\system\CodeIgniter.php(726): CodeIgniter\Router\Router->handle('home/menu_payme...')
#2 C:\xampp\htdocs\kasir_restoran\system\CodeIgniter.php(368): CodeIgniter\CodeIgniter->tryToRouteIt(Object(CodeIgniter\Router\RouteCollection))
#3 C:\xampp\htdocs\kasir_restoran\system\CodeIgniter.php(326): CodeIgniter\CodeIgniter->handleRequest(NULL, Object(Config\Cache), false)
#4 C:\xampp\htdocs\kasir_restoran\public\index.php(37): CodeIgniter\CodeIgniter->run()
#5 C:\xampp\htdocs\kasir_restoran\system\Commands\Server\rewrite.php(43): require_once('C:\\xampp\\htdocs...')
#6 {main}
ERROR - 2023-09-10 03:40:05 --> Unknown column 'id_menu' in 'where clause'
CRITICAL - 2023-09-10 04:54:05 --> Argument 1 passed to CodeIgniter\Database\BaseBuilder::orderBy() must be of the type string, null given, called in C:\xampp\htdocs\kasir_restoran\app\Models\M_model.php on line 374
#0 C:\xampp\htdocs\kasir_restoran\app\Models\M_model.php(374): CodeIgniter\Database\BaseBuilder->orderBy(NULL, 'DESC')
#1 C:\xampp\htdocs\kasir_restoran\app\Controllers\Home.php(963): App\Models\M_model->superDataDouble('keranjang', 'menu', 'user', 'keranjang.id_me...', 'keranjang.maker...', 'tanggal_keranja...', Array)
#2 C:\xampp\htdocs\kasir_restoran\system\CodeIgniter.php(832): App\Controllers\Home->menu_payment()
#3 C:\xampp\htdocs\kasir_restoran\system\CodeIgniter.php(419): CodeIgniter\CodeIgniter->runController(Object(App\Controllers\Home))
#4 C:\xampp\htdocs\kasir_restoran\system\CodeIgniter.php(326): CodeIgniter\CodeIgniter->handleRequest(NULL, Object(Config\Cache), false)
#5 C:\xampp\htdocs\kasir_restoran\public\index.php(37): CodeIgniter\CodeIgniter->run()
#6 C:\xampp\htdocs\kasir_restoran\system\Commands\Server\rewrite.php(43): require_once('C:\\xampp\\htdocs...')
#7 {main}
CRITICAL - 2023-09-10 04:56:50 --> Argument 1 passed to CodeIgniter\Database\BaseBuilder::orderBy() must be of the type string, null given, called in C:\xampp\htdocs\kasir_restoran\app\Models\M_model.php on line 374
#0 C:\xampp\htdocs\kasir_restoran\app\Models\M_model.php(374): CodeIgniter\Database\BaseBuilder->orderBy(NULL, 'DESC')
#1 C:\xampp\htdocs\kasir_restoran\app\Controllers\Home.php(963): App\Models\M_model->superDataDouble('keranjang', 'menu', 'user', 'keranjang.id_me...', 'keranjang.maker...', 'tanggal_keranja...', Array)
#2 C:\xampp\htdocs\kasir_restoran\system\CodeIgniter.php(832): App\Controllers\Home->menu_payment()
#3 C:\xampp\htdocs\kasir_restoran\system\CodeIgniter.php(419): CodeIgniter\CodeIgniter->runController(Object(App\Controllers\Home))
#4 C:\xampp\htdocs\kasir_restoran\system\CodeIgniter.php(326): CodeIgniter\CodeIgniter->handleRequest(NULL, Object(Config\Cache), false)
#5 C:\xampp\htdocs\kasir_restoran\public\index.php(37): CodeIgniter\CodeIgniter->run()
#6 C:\xampp\htdocs\kasir_restoran\system\Commands\Server\rewrite.php(43): require_once('C:\\xampp\\htdocs...')
#7 {main}
CRITICAL - 2023-09-10 07:00:08 --> Cannot redeclare App\Controllers\Home::menu_payment()
#0 [internal function]: CodeIgniter\Debug\Exceptions->shutdownHandler()
#1 {main}
CRITICAL - 2023-09-10 07:00:11 --> Cannot redeclare App\Controllers\Home::menu_payment()
#0 [internal function]: CodeIgniter\Debug\Exceptions->shutdownHandler()
#1 {main}
CRITICAL - 2023-09-10 07:09:50 --> syntax error, unexpected '?>', expecting identifier (T_STRING) or variable (T_VARIABLE) or '{' or '$'
#0 C:\xampp\htdocs\kasir_restoran\system\View\View.php(213): CodeIgniter\View\View->CodeIgniter\View\{closure}()
#1 C:\xampp\htdocs\kasir_restoran\system\Common.php(1089): CodeIgniter\View\View->render('transaksi/view/...', Array, true)
#2 C:\xampp\htdocs\kasir_restoran\app\Controllers\Home.php(1030): view('transaksi/view/...')
#3 C:\xampp\htdocs\kasir_restoran\system\CodeIgniter.php(832): App\Controllers\Home->transaction()
#4 C:\xampp\htdocs\kasir_restoran\system\CodeIgniter.php(419): CodeIgniter\CodeIgniter->runController(Object(App\Controllers\Home))
#5 C:\xampp\htdocs\kasir_restoran\system\CodeIgniter.php(326): CodeIgniter\CodeIgniter->handleRequest(NULL, Object(Config\Cache), false)
#6 C:\xampp\htdocs\kasir_restoran\public\index.php(37): CodeIgniter\CodeIgniter->run()
#7 C:\xampp\htdocs\kasir_restoran\system\Commands\Server\rewrite.php(43): require_once('C:\\xampp\\htdocs...')
#8 {main}
CRITICAL - 2023-09-10 07:09:56 --> syntax error, unexpected '?>', expecting identifier (T_STRING) or variable (T_VARIABLE) or '{' or '$'
#0 C:\xampp\htdocs\kasir_restoran\system\View\View.php(213): CodeIgniter\View\View->CodeIgniter\View\{closure}()
#1 C:\xampp\htdocs\kasir_restoran\system\Common.php(1089): CodeIgniter\View\View->render('transaksi/view/...', Array, true)
#2 C:\xampp\htdocs\kasir_restoran\app\Controllers\Home.php(1030): view('transaksi/view/...')
#3 C:\xampp\htdocs\kasir_restoran\system\CodeIgniter.php(832): App\Controllers\Home->transaction()
#4 C:\xampp\htdocs\kasir_restoran\system\CodeIgniter.php(419): CodeIgniter\CodeIgniter->runController(Object(App\Controllers\Home))
#5 C:\xampp\htdocs\kasir_restoran\system\CodeIgniter.php(326): CodeIgniter\CodeIgniter->handleRequest(NULL, Object(Config\Cache), false)
#6 C:\xampp\htdocs\kasir_restoran\public\index.php(37): CodeIgniter\CodeIgniter->run()
#7 C:\xampp\htdocs\kasir_restoran\system\Commands\Server\rewrite.php(43): require_once('C:\\xampp\\htdocs...')
#8 {main}
CRITICAL - 2023-09-10 07:13:13 --> Call to a member function getRow() on null
#0 C:\xampp\htdocs\kasir_restoran\system\CodeIgniter.php(832): App\Controllers\Home->transaction()
#1 C:\xampp\htdocs\kasir_restoran\system\CodeIgniter.php(419): CodeIgniter\CodeIgniter->runController(Object(App\Controllers\Home))
#2 C:\xampp\htdocs\kasir_restoran\system\CodeIgniter.php(326): CodeIgniter\CodeIgniter->handleRequest(NULL, Object(Config\Cache), false)
#3 C:\xampp\htdocs\kasir_restoran\public\index.php(37): CodeIgniter\CodeIgniter->run()
#4 C:\xampp\htdocs\kasir_restoran\system\Commands\Server\rewrite.php(43): require_once('C:\\xampp\\htdocs...')
#5 {main}
CRITICAL - 2023-09-10 07:31:30 --> Cannot redeclare App\Controllers\Home::menu_search()
#0 [internal function]: CodeIgniter\Debug\Exceptions->shutdownHandler()
#1 {main}
CRITICAL - 2023-09-10 07:40:57 --> Call to a member function getRow() on null
#0 C:\xampp\htdocs\kasir_restoran\system\CodeIgniter.php(832): App\Controllers\Home->transaction()
#1 C:\xampp\htdocs\kasir_restoran\system\CodeIgniter.php(419): CodeIgniter\CodeIgniter->runController(Object(App\Controllers\Home))
#2 C:\xampp\htdocs\kasir_restoran\system\CodeIgniter.php(326): CodeIgniter\CodeIgniter->handleRequest(NULL, Object(Config\Cache), false)
#3 C:\xampp\htdocs\kasir_restoran\public\index.php(37): CodeIgniter\CodeIgniter->run()
#4 C:\xampp\htdocs\kasir_restoran\system\Commands\Server\rewrite.php(43): require_once('C:\\xampp\\htdocs...')
#5 {main}
CRITICAL - 2023-09-10 07:41:09 --> Call to a member function getRow() on null
#0 C:\xampp\htdocs\kasir_restoran\system\CodeIgniter.php(832): App\Controllers\Home->transaction()
#1 C:\xampp\htdocs\kasir_restoran\system\CodeIgniter.php(419): CodeIgniter\CodeIgniter->runController(Object(App\Controllers\Home))
#2 C:\xampp\htdocs\kasir_restoran\system\CodeIgniter.php(326): CodeIgniter\CodeIgniter->handleRequest(NULL, Object(Config\Cache), false)
#3 C:\xampp\htdocs\kasir_restoran\public\index.php(37): CodeIgniter\CodeIgniter->run()
#4 C:\xampp\htdocs\kasir_restoran\system\Commands\Server\rewrite.php(43): require_once('C:\\xampp\\htdocs...')
#5 {main}
CRITICAL - 2023-09-10 07:42:00 --> Call to a member function getRow() on null
#0 C:\xampp\htdocs\kasir_restoran\system\CodeIgniter.php(832): App\Controllers\Home->transaction()
#1 C:\xampp\htdocs\kasir_restoran\system\CodeIgniter.php(419): CodeIgniter\CodeIgniter->runController(Object(App\Controllers\Home))
#2 C:\xampp\htdocs\kasir_restoran\system\CodeIgniter.php(326): CodeIgniter\CodeIgniter->handleRequest(NULL, Object(Config\Cache), false)
#3 C:\xampp\htdocs\kasir_restoran\public\index.php(37): CodeIgniter\CodeIgniter->run()
#4 C:\xampp\htdocs\kasir_restoran\system\Commands\Server\rewrite.php(43): require_once('C:\\xampp\\htdocs...')
#5 {main}
CRITICAL - 2023-09-10 07:44:49 --> syntax error, unexpected 'else' (T_ELSE), expecting function (T_FUNCTION) or const (T_CONST)
#0 C:\xampp\htdocs\kasir_restoran\system\Router\Router.php(175): CodeIgniter\Router\Router->autoRoute('home/transactio...')
#1 C:\xampp\htdocs\kasir_restoran\system\CodeIgniter.php(726): CodeIgniter\Router\Router->handle('home/transactio...')
#2 C:\xampp\htdocs\kasir_restoran\system\CodeIgniter.php(368): CodeIgniter\CodeIgniter->tryToRouteIt(Object(CodeIgniter\Router\RouteCollection))
#3 C:\xampp\htdocs\kasir_restoran\system\CodeIgniter.php(326): CodeIgniter\CodeIgniter->handleRequest(NULL, Object(Config\Cache), false)
#4 C:\xampp\htdocs\kasir_restoran\public\index.php(37): CodeIgniter\CodeIgniter->run()
#5 C:\xampp\htdocs\kasir_restoran\system\Commands\Server\rewrite.php(43): require_once('C:\\xampp\\htdocs...')
#6 {main}
CRITICAL - 2023-09-10 07:47:39 --> Call to a member function getRow() on null
#0 C:\xampp\htdocs\kasir_restoran\system\CodeIgniter.php(832): App\Controllers\Home->transaksi__search()
#1 C:\xampp\htdocs\kasir_restoran\system\CodeIgniter.php(419): CodeIgniter\CodeIgniter->runController(Object(App\Controllers\Home))
#2 C:\xampp\htdocs\kasir_restoran\system\CodeIgniter.php(326): CodeIgniter\CodeIgniter->handleRequest(NULL, Object(Config\Cache), false)
#3 C:\xampp\htdocs\kasir_restoran\public\index.php(37): CodeIgniter\CodeIgniter->run()
#4 C:\xampp\htdocs\kasir_restoran\system\Commands\Server\rewrite.php(43): require_once('C:\\xampp\\htdocs...')
#5 {main}
CRITICAL - 2023-09-10 07:48:00 --> Invalid file: transaksi/view/transaksi_m.php
#0 C:\xampp\htdocs\kasir_restoran\system\View\View.php(198): CodeIgniter\Exceptions\FrameworkException::forInvalidFile('transaksi/view/...')
#1 C:\xampp\htdocs\kasir_restoran\system\Common.php(1089): CodeIgniter\View\View->render('transaksi/view/...', Array, true)
#2 C:\xampp\htdocs\kasir_restoran\app\Controllers\Home.php(1106): view('transaksi/view/...')
#3 C:\xampp\htdocs\kasir_restoran\system\CodeIgniter.php(832): App\Controllers\Home->transaksi__search()
#4 C:\xampp\htdocs\kasir_restoran\system\CodeIgniter.php(419): CodeIgniter\CodeIgniter->runController(Object(App\Controllers\Home))
#5 C:\xampp\htdocs\kasir_restoran\system\CodeIgniter.php(326): CodeIgniter\CodeIgniter->handleRequest(NULL, Object(Config\Cache), false)
#6 C:\xampp\htdocs\kasir_restoran\public\index.php(37): CodeIgniter\CodeIgniter->run()
#7 C:\xampp\htdocs\kasir_restoran\system\Commands\Server\rewrite.php(43): require_once('C:\\xampp\\htdocs...')
#8 {main}
CRITICAL - 2023-09-10 07:48:21 --> Invalid file: transaksi/view/transaksi_m.php
#0 C:\xampp\htdocs\kasir_restoran\system\View\View.php(198): CodeIgniter\Exceptions\FrameworkException::forInvalidFile('transaksi/view/...')
#1 C:\xampp\htdocs\kasir_restoran\system\Common.php(1089): CodeIgniter\View\View->render('transaksi/view/...', Array, true)
#2 C:\xampp\htdocs\kasir_restoran\app\Controllers\Home.php(1106): view('transaksi/view/...')
#3 C:\xampp\htdocs\kasir_restoran\system\CodeIgniter.php(832): App\Controllers\Home->transaksi__search()
#4 C:\xampp\htdocs\kasir_restoran\system\CodeIgniter.php(419): CodeIgniter\CodeIgniter->runController(Object(App\Controllers\Home))
#5 C:\xampp\htdocs\kasir_restoran\system\CodeIgniter.php(326): CodeIgniter\CodeIgniter->handleRequest(NULL, Object(Config\Cache), false)
#6 C:\xampp\htdocs\kasir_restoran\public\index.php(37): CodeIgniter\CodeIgniter->run()
#7 C:\xampp\htdocs\kasir_restoran\system\Commands\Server\rewrite.php(43): require_once('C:\\xampp\\htdocs...')
#8 {main}
ERROR - 2023-09-10 20:11:07 --> Error connecting to the database: No connection could be made because the target machine actively refused it.

CRITICAL - 2023-09-10 20:11:07 --> Unable to connect to the database.
Main connection [MySQLi]: No connection could be made because the target machine actively refused it.

#0 C:\xampp\htdocs\kasir_restoran\system\Database\BaseConnection.php(577): CodeIgniter\Database\BaseConnection->initialize()
#1 C:\xampp\htdocs\kasir_restoran\system\Database\BaseBuilder.php(1588): CodeIgniter\Database\BaseConnection->query('SELECT *\nFROM `...', Array, false)
#2 C:\xampp\htdocs\kasir_restoran\app\Models\M_model.php(279): CodeIgniter\Database\BaseBuilder->getWhere(Array)
#3 C:\xampp\htdocs\kasir_restoran\app\Controllers\Home.php(35): App\Models\M_model->getRow('settings_websit...', Array)
#4 C:\xampp\htdocs\kasir_restoran\system\CodeIgniter.php(832): App\Controllers\Home->index()
#5 C:\xampp\htdocs\kasir_restoran\system\CodeIgniter.php(419): CodeIgniter\CodeIgniter->runController(Object(App\Controllers\Home))
#6 C:\xampp\htdocs\kasir_restoran\system\CodeIgniter.php(326): CodeIgniter\CodeIgniter->handleRequest(NULL, Object(Config\Cache), false)
#7 C:\xampp\htdocs\kasir_restoran\public\index.php(37): CodeIgniter\CodeIgniter->run()
#8 C:\xampp\htdocs\kasir_restoran\system\Commands\Server\rewrite.php(43): require_once('C:\\xampp\\htdocs...')
#9 {main}
CRITICAL - 2023-09-10 21:16:26 --> syntax error, unexpected end of file
#0 C:\xampp\htdocs\kasir_restoran\system\View\View.php(213): CodeIgniter\View\View->CodeIgniter\View\{closure}()
#1 C:\xampp\htdocs\kasir_restoran\system\Common.php(1089): CodeIgniter\View\View->render('menu/view/a', Array, true)
#2 C:\xampp\htdocs\kasir_restoran\app\Controllers\Home.php(464): view('menu/view/a')
#3 C:\xampp\htdocs\kasir_restoran\system\CodeIgniter.php(832): App\Controllers\Home->menu()
#4 C:\xampp\htdocs\kasir_restoran\system\CodeIgniter.php(419): CodeIgniter\CodeIgniter->runController(Object(App\Controllers\Home))
#5 C:\xampp\htdocs\kasir_restoran\system\CodeIgniter.php(326): CodeIgniter\CodeIgniter->handleRequest(NULL, Object(Config\Cache), false)
#6 C:\xampp\htdocs\kasir_restoran\public\index.php(37): CodeIgniter\CodeIgniter->run()
#7 C:\xampp\htdocs\kasir_restoran\system\Commands\Server\rewrite.php(43): require_once('C:\\xampp\\htdocs...')
#8 {main}
CRITICAL - 2023-09-10 23:53:39 --> Cannot redeclare App\Controllers\Home::menu()
#0 [internal function]: CodeIgniter\Debug\Exceptions->shutdownHandler()
#1 {main}
CRITICAL - 2023-09-10 23:53:46 --> Cannot redeclare App\Controllers\Home::menu()
#0 [internal function]: CodeIgniter\Debug\Exceptions->shutdownHandler()
#1 {main}
